#
# A fatal error has been detected by the Java Runtime Environment:
#
#  EXCEPTION_ACCESS_VIOLATION (0xc0000005) at pc=0x00007ff9229c84b0, pid=8200, tid=7708
#
# JRE version: OpenJDK Runtime Environment Temurin-21.0.7+6 (21.0.7+6) (build 21.0.7+6-LTS)
# Java VM: OpenJDK 64-Bit Server VM Temurin-21.0.7+6 (21.0.7+6-LTS, mixed mode, sharing, tiered, compressed oops, compressed class ptrs, parallel gc, windows-amd64)
# Problematic frame:
# V  [jvm.dll+0xa984b0]
#
# No core dump will be written. Minidumps are not enabled by default on client versions of Windows
#
# If you would like to submit a bug report, please visit:
#   https://github.com/adoptium/adoptium-support/issues
#

---------------  S U M M A R Y ------------

Command Line: --add-modules=ALL-SYSTEM --add-opens=java.base/java.util=ALL-UNNAMED --add-opens=java.base/java.lang=ALL-UNNAMED --add-opens=java.base/sun.nio.fs=ALL-UNNAMED -Declipse.application=org.eclipse.jdt.ls.core.id1 -Dosgi.bundles.defaultStartLevel=4 -Declipse.product=org.eclipse.jdt.ls.core.product -Djava.import.generatesMetadataFilesAtProjectRoot=false -DDetectVMInstallationsJob.disabled=true -Dfile.encoding=utf8 -XX:+UseParallelGC -XX:GCTimeRatio=4 -XX:AdaptiveSizePolicyWeight=90 -Dsun.zip.disableMemoryMapping=true -Xmx2G -Xms100m -Xlog:disable -javaagent:c:\Users\Ramandeep Singh\.vscode\extensions\redhat.java-1.43.1-win32-x64\lombok\lombok-1.18.39-4050.jar -XX:+HeapDumpOnOutOfMemoryError -XX:HeapDumpPath=c:\Users\Ramandeep Singh\AppData\Roaming\Code\User\workspaceStorage\556449fef4f658c33540684754bb0bf9\redhat.java -Daether.dependencyCollector.impl=bf c:\Users\Ramandeep Singh\.vscode\extensions\redhat.java-1.43.1-win32-x64\server\plugins\org.eclipse.equinox.launcher_1.7.0.v20250519-0528.jar -configuration c:\Users\Ramandeep Singh\AppData\Roaming\Code\User\globalStorage\redhat.java\1.43.1\config_win -data c:\Users\Ramandeep Singh\AppData\Roaming\Code\User\workspaceStorage\556449fef4f658c33540684754bb0bf9\redhat.java\jdt_ws --pipe=\\.\pipe\lsp-ddb47f6259164bf39243798806ec16e7-sock

Host: Intel(R) Core(TM) i5-8250U CPU @ 1.60GHz, 8 cores, 23G,  Windows 11 , 64 bit Build 26100 (10.0.26100.4484)
Time: Wed Jul 30 00:36:16 2025 India Standard Time elapsed time: 421011.338580 seconds (4d 20h 56m 51s)

---------------  T H R E A D  ---------------

Current thread (0x000001a25dca48e0):  WorkerThread "GC Thread#7"    [id=7708, stack(0x0000009f38c00000,0x0000009f38d00000) (1024K)]

Stack: [0x0000009f38c00000,0x0000009f38d00000],  sp=0x0000009f38cff6b8,  free space=1021k
Native frames: (J=compiled Java code, j=interpreted, Vv=VM code, C=native code)
V  [jvm.dll+0xa984b0]


siginfo: EXCEPTION_ACCESS_VIOLATION (0xc0000005), data execution prevention violation at address 0x00007ff9229c84b0


Registers:
RAX=0x00000000000001a2, RBX=0x000001a2162af2c0, RCX=0x0000009f38cff700, RDX=0x0000000084edb900
RSP=0x0000009f38cff6b8, RBP=0x00007ff92291a4e0, RSI=0x00000000000019d9, RDI=0x0000000084edb900
R8 =0x000001a21708ead8, R9 =0x000001a217000000, R10=0x0000000084edb900, R11=0x00000000000001ea
R12=0x00007ff922b68140, R13=0x0000009f378fea80, R14=0x0000000000000000, R15=0x00007ff9229bb460
RIP=0x00007ff9229c84b0, EFLAGS=0x0000000000010206

XMM[0]=0x00007ff900000800 0x00000000896cde60
XMM[1]=0x0000000000000000 0x0000009f36fef200
XMM[2]=0x0000000000000000 0x0000000000000000
XMM[3]=0x0000000000000000 0x0000000000000000
XMM[4]=0x0000000000000000 0x0000000000000000
XMM[5]=0x0000000000000000 0x0000000000000000
XMM[6]=0x0000000000000000 0x0000000000000000
XMM[7]=0x0000000000000000 0x0000000000000000
XMM[8]=0x0000000000000000 0x0000000000000000
XMM[9]=0x0000000000000000 0x0000000000000000
XMM[10]=0x0000000000000000 0x0000000000000000
XMM[11]=0x0000000000000000 0x0000000000000000
XMM[12]=0x0000000000000000 0x0000000000000000
XMM[13]=0x0000000000000000 0x0000000000000000
XMM[14]=0x0000000000000000 0x0000000000000000
XMM[15]=0x0000000000000000 0x0000000000000000
  MXCSR=0x00001fa0


Register to memory mapping:

RAX=0x00000000000001a2 is an unknown value
RBX=0x000001a2162af2c0 points into unknown readable memory: 0x000001a27eb89bd0 | d0 9b b8 7e a2 01 00 00
RCX=0x0000009f38cff700 points into unknown readable memory: 0x00007ff9229bb460 | 60 b4 9b 22 f9 7f 00 00
RDX=0x0000000084edb900 points into unknown readable memory: 0x0000000000000009 | 09 00 00 00 00 00 00 00
RSP=0x0000009f38cff6b8 points into unknown readable memory: 0x00007ff922633233 | 33 32 63 22 f9 7f 00 00
RBP=0x00007ff92291a4e0 jvm.dll
RSI=0x00000000000019d9 is an unknown value
RDI=0x0000000084edb900 points into unknown readable memory: 0x0000000000000009 | 09 00 00 00 00 00 00 00
R8 =0x000001a21708ead8 is pointing into metadata
R9 =0x000001a217000000 is pointing into metadata
R10=0x0000000084edb900 points into unknown readable memory: 0x0000000000000009 | 09 00 00 00 00 00 00 00
R11=0x00000000000001ea is an unknown value
R12=0x00007ff922b68140 jvm.dll
R13=0x0000009f378fea80 points into unknown readable memory: 0x00007ff9229bbec0 | c0 be 9b 22 f9 7f 00 00
R14=0x0 is null
R15=0x00007ff9229bb460 jvm.dll

Top of Stack: (sp=0x0000009f38cff6b8)
0x0000009f38cff6b8:   00007ff922633233 000001a2162af2c0
0x0000009f38cff6c8:   00007ff92291a4e0 00000000000019d9
0x0000009f38cff6d8:   000001a27cf80601 000001a25dca48e0
0x0000009f38cff6e8:   000000008035ddc4 000001a2162af2c0
0x0000009f38cff6f8:   00007ff92260a79a 00007ff9229bb460
0x0000009f38cff708:   000001a27eae6750 00007ff900000004
0x0000009f38cff718:   000001a2162af2c0 00007ff9229bb460
0x0000009f38cff728:   0000000000000000 00007ff922b68140
0x0000009f38cff738:   0000000000000000 0000009f378febc0
0x0000009f38cff748:   00007ff922632928 000001a218422d50
0x0000009f38cff758:   00007ff92260879e 000001a2162af2c0
0x0000009f38cff768:   000001a2162af2c0 00007ff9229bb460
0x0000009f38cff778:   0000000000000000 0000000000000000
0x0000009f38cff788:   0000000000000000 0000000000000007
0x0000009f38cff798:   00007ff9226399cb 0000000000000007
0x0000009f38cff7a8:   0000000084fa5ae0 000001a2162af2c0
0x0000009f38cff7b8:   0000000084fa5ae0 0000000000000000
0x0000009f38cff7c8:   00007ff900000000 00007ff9229bb460
0x0000009f38cff7d8:   000001a27eae6750 0000000000000004
0x0000009f38cff7e8:   000001a2162af2c0 0000000000000020
0x0000009f38cff7f8:   000001a2162d87c0 000001a2162af2c0
0x0000009f38cff808:   0000000000000000 0000000000000001
0x0000009f38cff818:   00007ff92263a80c 0000000000000005
0x0000009f38cff828:   0000009f378feb88 0000000084fa5ae0
0x0000009f38cff838:   0000000000000005 0000009f00000007
0x0000009f38cff848:   00007ff9229bbcd0 000001a2162af2c0
0x0000009f38cff858:   00007ff9229bbeb0 0000000000000007
0x0000009f38cff868:   0000000000000000 0000000000000001
0x0000009f38cff878:   0000000000000001 000028c523e0a1ee
0x0000009f38cff888:   0000000000000000 0000000000000070
0x0000009f38cff898:   000001a25db75990 0000000000000000
0x0000009f38cff8a8:   0000000000000030 000001a25dbec3f0 

Instructions: (pc=0x00007ff9229c84b0)
0x00007ff9229c83b0:   00 00 00 00 00 00 00 00 20 20 20 20 43 57 52 3a
0x00007ff9229c83c0:   20 54 68 72 65 61 64 20 52 6f 6f 74 73 00 00 00
0x00007ff9229c83d0:   20 20 20 20 43 57 52 3a 20 43 6f 64 65 20 43 61
0x00007ff9229c83e0:   63 68 65 20 52 6f 6f 74 73 00 00 00 00 00 00 00
0x00007ff9229c83f0:   20 20 20 20 43 57 52 3a 20 56 4d 20 53 74 72 6f
0x00007ff9229c8400:   6e 67 20 52 6f 6f 74 73 00 00 00 00 00 00 00 00
0x00007ff9229c8410:   20 20 20 20 43 57 52 3a 20 56 4d 20 57 65 61 6b
0x00007ff9229c8420:   20 52 6f 6f 74 73 00 00 20 20 20 20 43 57 52 3a
0x00007ff9229c8430:   20 43 4c 44 47 20 52 6f 6f 74 73 00 00 00 00 00
0x00007ff9229c8440:   20 20 20 20 43 57 52 3a 20 55 6e 6c 6f 61 64 20
0x00007ff9229c8450:   43 6f 64 65 20 43 61 63 68 65 73 00 00 00 00 00
0x00007ff9229c8460:   20 20 20 20 43 57 52 3a 20 55 6e 6c 69 6e 6b 20
0x00007ff9229c8470:   43 4c 44 73 00 00 00 00 20 20 20 20 43 57 52 3a
0x00007ff9229c8480:   20 57 65 61 6b 20 52 65 66 65 72 65 6e 63 65 73
0x00007ff9229c8490:   00 00 00 00 00 00 00 00 20 20 20 20 43 57 52 3a
0x00007ff9229c84a0:   20 50 61 72 61 6c 6c 65 6c 20 4d 61 72 6b 00 00
0x00007ff9229c84b0:   20 20 52 65 6e 64 65 7a 76 6f 75 73 00 00 00 00
0x00007ff9229c84c0:   43 6f 6e 63 75 72 72 65 6e 74 20 43 6c 65 61 6e
0x00007ff9229c84d0:   75 70 00 00 00 00 00 00 43 6f 6e 63 75 72 72 65
0x00007ff9229c84e0:   6e 74 20 43 6c 61 73 73 20 55 6e 6c 6f 61 64 69
0x00007ff9229c84f0:   6e 67 00 00 00 00 00 00 20 20 55 6e 6c 69 6e 6b
0x00007ff9229c8500:   20 53 74 61 6c 65 00 00 20 20 20 20 53 79 73 74
0x00007ff9229c8510:   65 6d 20 44 69 63 74 69 6f 6e 61 72 79 00 00 00
0x00007ff9229c8520:   20 20 20 20 57 65 61 6b 20 43 6c 61 73 73 20 4c
0x00007ff9229c8530:   69 6e 6b 73 00 00 00 00 20 20 20 20 43 6f 64 65
0x00007ff9229c8540:   20 52 6f 6f 74 73 00 00 20 20 50 75 72 67 65 20
0x00007ff9229c8550:   55 6e 6c 69 6e 6b 65 64 00 00 00 00 00 00 00 00
0x00007ff9229c8560:   20 20 20 20 43 4c 44 47 00 00 00 00 00 00 00 00
0x00007ff9229c8570:   20 20 20 20 45 78 63 65 70 74 69 6f 6e 20 43 61
0x00007ff9229c8580:   63 68 65 73 00 00 00 00 43 6f 6e 63 75 72 72 65
0x00007ff9229c8590:   6e 74 20 53 74 72 6f 6e 67 20 52 6f 6f 74 73 00
0x00007ff9229c85a0:   20 20 43 53 52 3a 20 3c 74 6f 74 61 6c 3e 00 00 


Stack slot to memory mapping:

stack at sp + 0 slots: 0x00007ff922633233 jvm.dll
stack at sp + 1 slots: 0x000001a2162af2c0 points into unknown readable memory: 0x000001a27eb89bd0 | d0 9b b8 7e a2 01 00 00
stack at sp + 2 slots: 0x00007ff92291a4e0 jvm.dll
stack at sp + 3 slots: 0x00000000000019d9 is an unknown value
stack at sp + 4 slots: 0x000001a27cf80601 points into unknown readable memory: 00 00 00 00 00 00 00
stack at sp + 5 slots: 0x000001a25dca48e0 points into unknown readable memory: 0x00007ff922a0a8e8 | e8 a8 a0 22 f9 7f 00 00
stack at sp + 6 slots: 0x000000008035ddc4 is pointing into object: [Ljava.lang.OutOfMemoryError; 
{0x000000008035dd98} - klass: 'java/lang/OutOfMemoryError'[]
 - length: 8
stack at sp + 7 slots: 0x000001a2162af2c0 points into unknown readable memory: 0x000001a27eb89bd0 | d0 9b b8 7e a2 01 00 00


---------------  P R O C E S S  ---------------

Threads class SMR info:
_java_thread_list=0x000001a2619d0c00, length=54, elements={
0x000001a27d055e90, 0x000001a2162dfce0, 0x000001a2162e6080, 0x000001a2162e9370,
0x000001a2162ec230, 0x000001a2162ecd20, 0x000001a2162ef240, 0x000001a2162f4090,
0x000001a21631a240, 0x000001a25d0c0dc0, 0x000001a25d300f90, 0x000001a25da02b30,
0x000001a25dca4c80, 0x000001a25d9d1500, 0x000001a25d9d1b60, 0x000001a25e111020,
0x000001a25df7f060, 0x000001a25e534cb0, 0x000001a25e531ec0, 0x000001a25e533900,
0x000001a2606305a0, 0x000001a260632670, 0x000001a260633390, 0x000001a260630c30,
0x000001a2606340b0, 0x000001a260631950, 0x000001a260633a20, 0x000001a260634740,
0x000001a2606312c0, 0x000001a260631fe0, 0x000001a260634dd0, 0x000001a260635460,
0x000001a262f5ba90, 0x000001a260636180, 0x000001a260636810, 0x000001a260637bc0,
0x000001a2624cd940, 0x000001a25d2c3430, 0x000001a2623ef4e0, 0x000001a2623ed410,
0x000001a2623ee7c0, 0x000001a2623efb70, 0x000001a2623ecd80, 0x000001a2623f15b0,
0x000001a2623f22d0, 0x000001a25d2c6220, 0x000001a25d2c75d0, 0x000001a25d2c4150,
0x000001a25d2c7c60, 0x000001a25d2c4e70, 0x000001a25d2c68b0, 0x000001a25d2c5b90,
0x000001a25d2c82f0, 0x000001a25d2c5500
}

Java Threads: ( => current thread )
  0x000001a27d055e90 JavaThread "main"                              [_thread_blocked, id=6872, stack(0x0000009f37500000,0x0000009f37600000) (1024K)]
  0x000001a2162dfce0 JavaThread "Reference Handler"          daemon [_thread_blocked, id=9172, stack(0x0000009f37900000,0x0000009f37a00000) (1024K)]
  0x000001a2162e6080 JavaThread "Finalizer"                  daemon [_thread_blocked, id=1636, stack(0x0000009f37a00000,0x0000009f37b00000) (1024K)]
  0x000001a2162e9370 JavaThread "Signal Dispatcher"          daemon [_thread_blocked, id=3152, stack(0x0000009f37b00000,0x0000009f37c00000) (1024K)]
  0x000001a2162ec230 JavaThread "Attach Listener"            daemon [_thread_blocked, id=13376, stack(0x0000009f37c00000,0x0000009f37d00000) (1024K)]
  0x000001a2162ecd20 JavaThread "Service Thread"             daemon [_thread_blocked, id=18112, stack(0x0000009f37d00000,0x0000009f37e00000) (1024K)]
  0x000001a2162ef240 JavaThread "Monitor Deflation Thread"   daemon [_thread_blocked, id=7888, stack(0x0000009f37e00000,0x0000009f37f00000) (1024K)]
  0x000001a2162f4090 JavaThread "C2 CompilerThread0"         daemon [_thread_blocked, id=17528, stack(0x0000009f37f00000,0x0000009f38000000) (1024K)]
  0x000001a21631a240 JavaThread "C1 CompilerThread0"         daemon [_thread_blocked, id=7068, stack(0x0000009f38000000,0x0000009f38100000) (1024K)]
  0x000001a25d0c0dc0 JavaThread "Common-Cleaner"             daemon [_thread_blocked, id=6104, stack(0x0000009f38100000,0x0000009f38200000) (1024K)]
  0x000001a25d300f90 JavaThread "Notification Thread"        daemon [_thread_blocked, id=11032, stack(0x0000009f38300000,0x0000009f38400000) (1024K)]
  0x000001a25da02b30 JavaThread "Active Thread: Equinox Container: 1f84f5d3-68c8-417a-adca-135a50fc6d88"        [_thread_blocked, id=15108, stack(0x0000009f38b00000,0x0000009f38c00000) (1024K)]
  0x000001a25dca4c80 JavaThread "Refresh Thread: Equinox Container: 1f84f5d3-68c8-417a-adca-135a50fc6d88" daemon [_thread_blocked, id=19172, stack(0x0000009f38d00000,0x0000009f38e00000) (1024K)]
  0x000001a25d9d1500 JavaThread "Framework Event Dispatcher: Equinox Container: 1f84f5d3-68c8-417a-adca-135a50fc6d88" daemon [_thread_blocked, id=8584, stack(0x0000009f38e00000,0x0000009f38f00000) (1024K)]
  0x000001a25d9d1b60 JavaThread "Start Level: Equinox Container: 1f84f5d3-68c8-417a-adca-135a50fc6d88" daemon [_thread_blocked, id=768, stack(0x0000009f38f00000,0x0000009f39000000) (1024K)]
  0x000001a25e111020 JavaThread "Bundle File Closer"         daemon [_thread_blocked, id=17512, stack(0x0000009f39000000,0x0000009f39100000) (1024K)]
  0x000001a25df7f060 JavaThread "SCR Component Actor"        daemon [_thread_blocked, id=8256, stack(0x0000009f39100000,0x0000009f39200000) (1024K)]
  0x000001a25e534cb0 JavaThread "Worker-JM"                         [_thread_blocked, id=19384, stack(0x0000009f38400000,0x0000009f38500000) (1024K)]
  0x000001a25e531ec0 JavaThread "JNA Cleaner"                daemon [_thread_blocked, id=17676, stack(0x0000009f38200000,0x0000009f38300000) (1024K)]
  0x000001a25e533900 JavaThread "Java indexing"              daemon [_thread_blocked, id=13400, stack(0x0000009f39900000,0x0000009f39a00000) (1024K)]
  0x000001a2606305a0 JavaThread "Thread-2"                   daemon [_thread_in_native, id=11096, stack(0x0000009f39e00000,0x0000009f39f00000) (1024K)]
  0x000001a260632670 JavaThread "Thread-3"                   daemon [_thread_in_native, id=20428, stack(0x0000009f39f00000,0x0000009f3a000000) (1024K)]
  0x000001a260633390 JavaThread "Thread-4"                   daemon [_thread_in_native, id=19988, stack(0x0000009f3a000000,0x0000009f3a100000) (1024K)]
  0x000001a260630c30 JavaThread "Thread-5"                   daemon [_thread_in_native, id=2248, stack(0x0000009f3a100000,0x0000009f3a200000) (1024K)]
  0x000001a2606340b0 JavaThread "Thread-6"                   daemon [_thread_in_native, id=6048, stack(0x0000009f3a200000,0x0000009f3a300000) (1024K)]
  0x000001a260631950 JavaThread "Thread-7"                   daemon [_thread_in_native, id=11360, stack(0x0000009f3a300000,0x0000009f3a400000) (1024K)]
  0x000001a260633a20 JavaThread "Thread-8"                   daemon [_thread_in_native, id=8532, stack(0x0000009f3a400000,0x0000009f3a500000) (1024K)]
  0x000001a260634740 JavaThread "Thread-9"                   daemon [_thread_in_native, id=18020, stack(0x0000009f3a500000,0x0000009f3a600000) (1024K)]
  0x000001a2606312c0 JavaThread "Thread-10"                  daemon [_thread_in_native, id=10440, stack(0x0000009f3a600000,0x0000009f3a700000) (1024K)]
  0x000001a260631fe0 JavaThread "pool-2-thread-1"                   [_thread_blocked, id=6844, stack(0x0000009f3a700000,0x0000009f3a800000) (1024K)]
  0x000001a260634dd0 JavaThread "WorkspaceEventsHandler"            [_thread_blocked, id=3600, stack(0x0000009f3a800000,0x0000009f3a900000) (1024K)]
  0x000001a260635460 JavaThread "pool-1-thread-1"                   [_thread_blocked, id=20196, stack(0x0000009f3a900000,0x0000009f3aa00000) (1024K)]
  0x000001a262f5ba90 JavaThread "Cleaner-0"                  daemon [_thread_blocked, id=18056, stack(0x0000009f3bd00000,0x0000009f3be00000) (1024K)]
  0x000001a260636180 JavaThread "Java Debug Server"          daemon [_thread_in_native, id=5060, stack(0x0000009f3aa00000,0x0000009f3ab00000) (1024K)]
  0x000001a260636810 JavaThread "RxSchedulerPurge-1"         daemon [_thread_blocked, id=11136, stack(0x0000009f3ac00000,0x0000009f3ad00000) (1024K)]
  0x000001a260637bc0 JavaThread "RxCachedWorkerPoolEvictor-1" daemon [_thread_blocked, id=15904, stack(0x0000009f3ad00000,0x0000009f3ae00000) (1024K)]
  0x000001a2624cd940 JavaThread "Worker-65"                         [_thread_blocked, id=10964, stack(0x0000009f39400000,0x0000009f39500000) (1024K)]
  0x000001a25d2c3430 JavaThread "Worker-72"                         [_thread_blocked, id=11004, stack(0x0000009f37200000,0x0000009f37300000) (1024K)]
  0x000001a2623ef4e0 JavaThread "ForkJoinPool.commonPool-worker-80" daemon [_thread_blocked, id=6380, stack(0x0000009f37300000,0x0000009f37400000) (1024K)]
  0x000001a2623ed410 JavaThread "ForkJoinPool.commonPool-worker-81" daemon [_thread_blocked, id=21340, stack(0x0000009f37400000,0x0000009f37500000) (1024K)]
  0x000001a2623ee7c0 JavaThread "ForkJoinPool.commonPool-worker-82" daemon [_thread_blocked, id=12452, stack(0x0000009f39200000,0x0000009f39300000) (1024K)]
  0x000001a2623efb70 JavaThread "ForkJoinPool.commonPool-worker-83" daemon [_thread_blocked, id=12632, stack(0x0000009f39300000,0x0000009f39400000) (1024K)]
  0x000001a2623ecd80 JavaThread "Worker-75"                         [_thread_blocked, id=3220, stack(0x0000009f39500000,0x0000009f39600000) (1024K)]
  0x000001a2623f15b0 JavaThread "Compiler Source File Reader" daemon [_thread_blocked, id=19304, stack(0x0000009f39600000,0x0000009f39700000) (1024K)]
  0x000001a2623f22d0 JavaThread "Compiler Processing Task"   daemon [_thread_blocked, id=6744, stack(0x0000009f39700000,0x0000009f39800000) (1024K)]
  0x000001a25d2c6220 JavaThread "ForkJoinPool.commonPool-worker-84" daemon [_thread_blocked, id=19128, stack(0x0000009f39800000,0x0000009f39900000) (1024K)]
  0x000001a25d2c75d0 JavaThread "Compiler Source File Reader" daemon [_thread_blocked, id=4916, stack(0x0000009f39a00000,0x0000009f39b00000) (1024K)]
  0x000001a25d2c4150 JavaThread "Compiler Source File Reader" daemon [_thread_blocked, id=13328, stack(0x0000009f39b00000,0x0000009f39c00000) (1024K)]
  0x000001a25d2c7c60 JavaThread "Compiler Source File Reader" daemon [_thread_blocked, id=15248, stack(0x0000009f39c00000,0x0000009f39d00000) (1024K)]
  0x000001a25d2c4e70 JavaThread "Compiler Source File Reader" daemon [_thread_blocked, id=19624, stack(0x0000009f39d00000,0x0000009f39e00000) (1024K)]
  0x000001a25d2c68b0 JavaThread "Compiler Source File Reader" daemon [_thread_blocked, id=22808, stack(0x0000009f3ab00000,0x0000009f3ac00000) (1024K)]
  0x000001a25d2c5b90 JavaThread "Worker-76"                         [_thread_blocked, id=14040, stack(0x0000009f3ae00000,0x0000009f3af00000) (1024K)]
  0x000001a25d2c82f0 JavaThread "pool-3-thread-37"                  [_thread_blocked, id=17192, stack(0x0000009f3af00000,0x0000009f3b000000) (1024K)]
  0x000001a25d2c5500 JavaThread "process reaper"             daemon [_thread_blocked, id=21672, stack(0x0000009f36fd0000,0x0000009f36ff0000) (128K)]
Total: 54

Other Threads:
  0x000001a2162d2660 VMThread "VM Thread"                           [id=16788, stack(0x0000009f37800000,0x0000009f37900000) (1024K)]
  0x000001a27eb35640 WatcherThread "VM Periodic Task Thread"        [id=9400, stack(0x0000009f37700000,0x0000009f37800000) (1024K)]
  0x000001a27eae5470 WorkerThread "GC Thread#0"                     [id=18600, stack(0x0000009f37600000,0x0000009f37700000) (1024K)]
  0x000001a25d8e0210 WorkerThread "GC Thread#1"                     [id=10620, stack(0x0000009f38500000,0x0000009f38600000) (1024K)]
  0x000001a25d777170 WorkerThread "GC Thread#2"                     [id=18252, stack(0x0000009f38600000,0x0000009f38700000) (1024K)]
  0x000001a25d8e05b0 WorkerThread "GC Thread#3"                     [id=18040, stack(0x0000009f38700000,0x0000009f38800000) (1024K)]
  0x000001a25da12f30 WorkerThread "GC Thread#4"                     [id=18980, stack(0x0000009f38800000,0x0000009f38900000) (1024K)]
  0x000001a25da132d0 WorkerThread "GC Thread#5"                     [id=17896, stack(0x0000009f38900000,0x0000009f38a00000) (1024K)]
  0x000001a25da13670 WorkerThread "GC Thread#6"                     [id=18708, stack(0x0000009f38a00000,0x0000009f38b00000) (1024K)]
=>0x000001a25dca48e0 WorkerThread "GC Thread#7"                     [id=7708, stack(0x0000009f38c00000,0x0000009f38d00000) (1024K)]
Total: 10

Threads with active compile tasks:
Total: 0

VM state: at safepoint (normal execution)

VM Mutex/Monitor currently owned by a thread:  ([mutex/lock_event])
[0x00007ff922bde308] Threads_lock - owner thread: 0x000001a2162d2660
[0x00007ff922bde408] Heap_lock - owner thread: 0x000001a260635460

Heap address: 0x0000000080000000, size: 2048 MB, Compressed Oops mode: 32-bit

CDS archive(s) mapped at: [0x000001a217000000-0x000001a217ba0000-0x000001a217ba0000), size 12189696, SharedBaseAddress: 0x000001a217000000, ArchiveRelocationMode: 1.
Compressed class space mapped at: 0x000001a218000000-0x000001a258000000, reserved size: 1073741824
Narrow klass base: 0x000001a217000000, Narrow klass shift: 0, Narrow klass range: 0x100000000

GC Precious Log:
 CardTable entry size: 512
 CPUs: 8 total, 8 available
 Memory: 24473M
 Large Page Support: Disabled
 NUMA Support: Disabled
 Compressed Oops: Enabled (32-bit)
 Alignments: Space 512K, Generation 512K, Heap 2M
 Heap Min Capacity: 100M
 Heap Initial Capacity: 100M
 Heap Max Capacity: 2G
 Pre-touch: Disabled
 Parallel Workers: 8

Heap:
 PSYoungGen      total 4096K, used 4096K [0x00000000d5580000, 0x00000000d6100000, 0x0000000100000000)
  eden space 3584K, 100% used [0x00000000d5580000,0x00000000d5900000,0x00000000d5900000)
  from space 512K, 100% used [0x00000000d5e80000,0x00000000d5f00000,0x00000000d5f00000)
  to   space 4096K, 0% used [0x00000000d5900000,0x00000000d5900000,0x00000000d5d00000)
 ParOldGen       total 1398272K, used 1397847K [0x0000000080000000, 0x00000000d5580000, 0x00000000d5580000)
  object space 1398272K, 99% used [0x0000000080000000,0x00000000d5515c80,0x00000000d5580000)
 Metaspace       used 93083K, committed 94592K, reserved 1179648K
  class space    used 8879K, committed 9600K, reserved 1048576K

Card table byte_map: [0x000001a27eec0000,0x000001a27f2d0000] _byte_map_base: 0x000001a27eac0000

Marking Bits: (ParMarkBitMap*) 0x00007ff922be31f0
 Begin Bits: [0x000001a212130000, 0x000001a214130000)
 End Bits:   [0x000001a214130000, 0x000001a216130000)

Polling page: 0x000001a27ecb0000

Metaspace:

Usage:
  Non-class:     82.23 MB used.
      Class:      8.67 MB used.
       Both:     90.90 MB used.

Virtual space:
  Non-class space:      128.00 MB reserved,      83.00 MB ( 65%) committed,  2 nodes.
      Class space:        1.00 GB reserved,       9.38 MB ( <1%) committed,  1 nodes.
             Both:        1.12 GB reserved,      92.38 MB (  8%) committed. 

Chunk freelists:
   Non-Class:  12.66 MB
       Class:  6.67 MB
        Both:  19.33 MB

MaxMetaspaceSize: unlimited
CompressedClassSpaceSize: 1.00 GB
Initial GC threshold: 21.00 MB
Current GC threshold: 153.56 MB
CDS: on
 - commit_granule_bytes: 65536.
 - commit_granule_words: 8192.
 - virtual_space_node_default_size: 8388608.
 - enlarge_chunks_in_place: 1.
 - use_allocation_guard: 0.


Internal statistics:

num_allocs_failed_limit: 9.
num_arena_births: 2012.
num_arena_deaths: 532.
num_vsnodes_births: 3.
num_vsnodes_deaths: 0.
num_space_committed: 1478.
num_space_uncommitted: 0.
num_chunks_returned_to_freelist: 636.
num_chunks_taken_from_freelist: 6977.
num_chunk_merges: 155.
num_chunk_splits: 3891.
num_chunks_enlarged: 2010.
num_inconsistent_stats: 0.

CodeHeap 'non-profiled nmethods': size=120000Kb used=26683Kb max_used=26683Kb free=93316Kb
 bounds [0x000001a20ac00000, 0x000001a20c660000, 0x000001a212130000]
CodeHeap 'profiled nmethods': size=120000Kb used=27336Kb max_used=45523Kb free=92663Kb
 bounds [0x000001a203130000, 0x000001a205e20000, 0x000001a20a660000]
CodeHeap 'non-nmethods': size=5760Kb used=1532Kb max_used=1622Kb free=4227Kb
 bounds [0x000001a20a660000, 0x000001a20a8d0000, 0x000001a20ac00000]
 total_blobs=13874 nmethods=13019 adapters=755
 compilation: enabled
              stopped_count=0, restarted_count=0
 full_count=0

Compilation events (20 events):
Event: 421005.870 Thread 0x000001a21631a240 31903       3       org.eclipse.jdt.internal.core.dom.rewrite.imports.OrderPreservingImportAdder::determineAdjacentNewImports (203 bytes)
Event: 421005.873 Thread 0x000001a21631a240 nmethod 31903 0x000001a203a18610 code [0x000001a203a18a20, 0x000001a203a1ab00]
Event: 421005.873 Thread 0x000001a21631a240 31904       3       java.util.TreeSet::lower (11 bytes)
Event: 421005.873 Thread 0x000001a21631a240 nmethod 31904 0x000001a203eb5e10 code [0x000001a203eb5fc0, 0x000001a203eb6198]
Event: 421007.797 Thread 0x000001a21631a240 31905       3       org.eclipse.jdt.internal.corext.fix.ConvertToMessageFormatFixCore$ConvertToMessageFormatProposalOperation::rewriteAST (1555 bytes)
Event: 421007.806 Thread 0x000001a2162f4090 31906       4       org.eclipse.text.edits.MultiTextEdit::defineRegion (62 bytes)
Event: 421007.839 Thread 0x000001a2162f4090 nmethod 31906 0x000001a20b8b4990 code [0x000001a20b8b4b60, 0x000001a20b8b5188]
Event: 421007.850 Thread 0x000001a21631a240 nmethod 31905 0x000001a2042a5010 code [0x000001a2042a6540, 0x000001a2042b3d08]
Event: 421007.881 Thread 0x000001a21631a240 31907       3       org.eclipse.jdt.internal.corext.fix.ConvertToStringFormatFixCore$ConvertToStringFormatProposalOperation::rewriteAST (1483 bytes)
Event: 421007.910 Thread 0x000001a21631a240 nmethod 31907 0x000001a203682610 code [0x000001a203683aa0, 0x000001a203690db0]
Event: 421008.747 Thread 0x000001a2162f4090 31908   !   4       org.eclipse.jdt.internal.core.util.Util::getResourceContentsAsCharArray (20 bytes)
Event: 421008.817 Thread 0x000001a2162f4090 nmethod 31908 0x000001a20c44e290 code [0x000001a20c44e640, 0x000001a20c450070]
Event: 421009.974 Thread 0x000001a21631a240 31909       3       org.eclipse.jdt.internal.corext.refactoring.code.ExtractMethodAnalyzer::endVisit (27 bytes)
Event: 421009.975 Thread 0x000001a21631a240 nmethod 31909 0x000001a203a51310 code [0x000001a203a51520, 0x000001a203a51bf8]
Event: 421010.002 Thread 0x000001a2162f4090 31910       4       org.eclipse.jdt.core.formatter.IndentManipulation::measureIndentUnits (36 bytes)
Event: 421010.009 Thread 0x000001a2162f4090 nmethod 31910 0x000001a20c423090 code [0x000001a20c423260, 0x000001a20c423608]
Event: 421010.913 Thread 0x000001a2162f4090 31911       4       org.eclipse.text.edits.CopyTargetEdit::setSourceEdit (66 bytes)
Event: 421010.915 Thread 0x000001a2162f4090 nmethod 31911 0x000001a20bd55910 code [0x000001a20bd55aa0, 0x000001a20bd55bd8]
Event: 421011.131 Thread 0x000001a2162f4090 31912       4       org.eclipse.jdt.internal.compiler.lookup.Scope::mostSpecificMethodBinding (1702 bytes)
Event: 421011.186 Thread 0x000001a2162f4090 nmethod 31912 0x000001a20c44ae10 code [0x000001a20c44b160, 0x000001a20c44cbb0]

GC Heap History (20 events):
Event: 421008.739 GC heap after
{Heap after GC invocations=23998 (full 17):
 PSYoungGen      total 6656K, used 3056K [0x00000000d5580000, 0x00000000d6500000, 0x0000000100000000)
  eden space 3584K, 0% used [0x00000000d5580000,0x00000000d5580000,0x00000000d5900000)
  from space 3072K, 99% used [0x00000000d5a00000,0x00000000d5cfc000,0x00000000d5d00000)
  to   space 6144K, 0% used [0x00000000d5f00000,0x00000000d5f00000,0x00000000d6500000)
 ParOldGen       total 1390592K, used 1390537K [0x0000000080000000, 0x00000000d4e00000, 0x00000000d5580000)
  object space 1390592K, 99% used [0x0000000080000000,0x00000000d4df2530,0x00000000d4e00000)
 Metaspace       used 93083K, committed 94592K, reserved 1179648K
  class space    used 8879K, committed 9600K, reserved 1048576K
}
Event: 421009.061 GC heap before
{Heap before GC invocations=23999 (full 17):
 PSYoungGen      total 6656K, used 6640K [0x00000000d5580000, 0x00000000d6500000, 0x0000000100000000)
  eden space 3584K, 100% used [0x00000000d5580000,0x00000000d5900000,0x00000000d5900000)
  from space 3072K, 99% used [0x00000000d5a00000,0x00000000d5cfc000,0x00000000d5d00000)
  to   space 6144K, 0% used [0x00000000d5f00000,0x00000000d5f00000,0x00000000d6500000)
 ParOldGen       total 1390592K, used 1390537K [0x0000000080000000, 0x00000000d4e00000, 0x00000000d5580000)
  object space 1390592K, 99% used [0x0000000080000000,0x00000000d4df2530,0x00000000d4e00000)
 Metaspace       used 93083K, committed 94592K, reserved 1179648K
  class space    used 8879K, committed 9600K, reserved 1048576K
}
Event: 421009.068 GC heap after
{Heap after GC invocations=23999 (full 17):
 PSYoungGen      total 4096K, used 464K [0x00000000d5580000, 0x00000000d5f80000, 0x0000000100000000)
  eden space 3584K, 0% used [0x00000000d5580000,0x00000000d5580000,0x00000000d5900000)
  from space 512K, 90% used [0x00000000d5f00000,0x00000000d5f74010,0x00000000d5f80000)
  to   space 2560K, 0% used [0x00000000d5a80000,0x00000000d5a80000,0x00000000d5d00000)
 ParOldGen       total 1393664K, used 1393641K [0x0000000080000000, 0x00000000d5100000, 0x00000000d5580000)
  object space 1393664K, 99% used [0x0000000080000000,0x00000000d50fa530,0x00000000d5100000)
 Metaspace       used 93083K, committed 94592K, reserved 1179648K
  class space    used 8879K, committed 9600K, reserved 1048576K
}
Event: 421009.245 GC heap before
{Heap before GC invocations=24000 (full 17):
 PSYoungGen      total 4096K, used 4048K [0x00000000d5580000, 0x00000000d5f80000, 0x0000000100000000)
  eden space 3584K, 100% used [0x00000000d5580000,0x00000000d5900000,0x00000000d5900000)
  from space 512K, 90% used [0x00000000d5f00000,0x00000000d5f74010,0x00000000d5f80000)
  to   space 2560K, 0% used [0x00000000d5a80000,0x00000000d5a80000,0x00000000d5d00000)
 ParOldGen       total 1393664K, used 1393641K [0x0000000080000000, 0x00000000d5100000, 0x00000000d5580000)
  object space 1393664K, 99% used [0x0000000080000000,0x00000000d50fa530,0x00000000d5100000)
 Metaspace       used 93083K, committed 94592K, reserved 1179648K
  class space    used 8879K, committed 9600K, reserved 1048576K
}
Event: 421009.255 GC heap after
{Heap after GC invocations=24000 (full 17):
 PSYoungGen      total 6144K, used 128K [0x00000000d5580000, 0x00000000d5f80000, 0x0000000100000000)
  eden space 3584K, 0% used [0x00000000d5580000,0x00000000d5580000,0x00000000d5900000)
  from space 2560K, 5% used [0x00000000d5a80000,0x00000000d5aa0000,0x00000000d5d00000)
  to   space 1024K, 0% used [0x00000000d5e80000,0x00000000d5e80000,0x00000000d5f80000)
 ParOldGen       total 1394176K, used 1393833K [0x0000000080000000, 0x00000000d5180000, 0x00000000d5580000)
  object space 1394176K, 99% used [0x0000000080000000,0x00000000d512a530,0x00000000d5180000)
 Metaspace       used 93083K, committed 94592K, reserved 1179648K
  class space    used 8879K, committed 9600K, reserved 1048576K
}
Event: 421009.960 GC heap before
{Heap before GC invocations=24001 (full 17):
 PSYoungGen      total 6144K, used 3712K [0x00000000d5580000, 0x00000000d5f80000, 0x0000000100000000)
  eden space 3584K, 100% used [0x00000000d5580000,0x00000000d5900000,0x00000000d5900000)
  from space 2560K, 5% used [0x00000000d5a80000,0x00000000d5aa0000,0x00000000d5d00000)
  to   space 1024K, 0% used [0x00000000d5e80000,0x00000000d5e80000,0x00000000d5f80000)
 ParOldGen       total 1394176K, used 1393833K [0x0000000080000000, 0x00000000d5180000, 0x00000000d5580000)
  object space 1394176K, 99% used [0x0000000080000000,0x00000000d512a530,0x00000000d5180000)
 Metaspace       used 93083K, committed 94592K, reserved 1179648K
  class space    used 8879K, committed 9600K, reserved 1048576K
}
Event: 421009.968 GC heap after
{Heap after GC invocations=24001 (full 17):
 PSYoungGen      total 4096K, used 192K [0x00000000d5580000, 0x00000000d5f00000, 0x0000000100000000)
  eden space 3584K, 0% used [0x00000000d5580000,0x00000000d5580000,0x00000000d5900000)
  from space 512K, 37% used [0x00000000d5e80000,0x00000000d5eb0000,0x00000000d5f00000)
  to   space 512K, 0% used [0x00000000d5e00000,0x00000000d5e00000,0x00000000d5e80000)
 ParOldGen       total 1394176K, used 1393849K [0x0000000080000000, 0x00000000d5180000, 0x00000000d5580000)
  object space 1394176K, 99% used [0x0000000080000000,0x00000000d512e530,0x00000000d5180000)
 Metaspace       used 93083K, committed 94592K, reserved 1179648K
  class space    used 8879K, committed 9600K, reserved 1048576K
}
Event: 421009.986 GC heap before
{Heap before GC invocations=24002 (full 17):
 PSYoungGen      total 4096K, used 3776K [0x00000000d5580000, 0x00000000d5f00000, 0x0000000100000000)
  eden space 3584K, 100% used [0x00000000d5580000,0x00000000d5900000,0x00000000d5900000)
  from space 512K, 37% used [0x00000000d5e80000,0x00000000d5eb0000,0x00000000d5f00000)
  to   space 512K, 0% used [0x00000000d5e00000,0x00000000d5e00000,0x00000000d5e80000)
 ParOldGen       total 1394176K, used 1393849K [0x0000000080000000, 0x00000000d5180000, 0x00000000d5580000)
  object space 1394176K, 99% used [0x0000000080000000,0x00000000d512e530,0x00000000d5180000)
 Metaspace       used 93083K, committed 94592K, reserved 1179648K
  class space    used 8879K, committed 9600K, reserved 1048576K
}
Event: 421009.990 GC heap after
{Heap after GC invocations=24002 (full 17):
 PSYoungGen      total 4096K, used 256K [0x00000000d5580000, 0x00000000d5f00000, 0x0000000100000000)
  eden space 3584K, 0% used [0x00000000d5580000,0x00000000d5580000,0x00000000d5900000)
  from space 512K, 50% used [0x00000000d5e00000,0x00000000d5e40000,0x00000000d5e80000)
  to   space 512K, 0% used [0x00000000d5e80000,0x00000000d5e80000,0x00000000d5f00000)
 ParOldGen       total 1394176K, used 1393897K [0x0000000080000000, 0x00000000d5180000, 0x00000000d5580000)
  object space 1394176K, 99% used [0x0000000080000000,0x00000000d513a530,0x00000000d5180000)
 Metaspace       used 93083K, committed 94592K, reserved 1179648K
  class space    used 8879K, committed 9600K, reserved 1048576K
}
Event: 421010.004 GC heap before
{Heap before GC invocations=24003 (full 17):
 PSYoungGen      total 4096K, used 3840K [0x00000000d5580000, 0x00000000d5f00000, 0x0000000100000000)
  eden space 3584K, 100% used [0x00000000d5580000,0x00000000d5900000,0x00000000d5900000)
  from space 512K, 50% used [0x00000000d5e00000,0x00000000d5e40000,0x00000000d5e80000)
  to   space 512K, 0% used [0x00000000d5e80000,0x00000000d5e80000,0x00000000d5f00000)
 ParOldGen       total 1394176K, used 1393897K [0x0000000080000000, 0x00000000d5180000, 0x00000000d5580000)
  object space 1394176K, 99% used [0x0000000080000000,0x00000000d513a530,0x00000000d5180000)
 Metaspace       used 93083K, committed 94592K, reserved 1179648K
  class space    used 8879K, committed 9600K, reserved 1048576K
}
Event: 421010.008 GC heap after
{Heap after GC invocations=24003 (full 17):
 PSYoungGen      total 4096K, used 256K [0x00000000d5580000, 0x00000000d5f00000, 0x0000000100000000)
  eden space 3584K, 0% used [0x00000000d5580000,0x00000000d5580000,0x00000000d5900000)
  from space 512K, 50% used [0x00000000d5e80000,0x00000000d5ec0000,0x00000000d5f00000)
  to   space 512K, 0% used [0x00000000d5e00000,0x00000000d5e00000,0x00000000d5e80000)
 ParOldGen       total 1394176K, used 1393961K [0x0000000080000000, 0x00000000d5180000, 0x00000000d5580000)
  object space 1394176K, 99% used [0x0000000080000000,0x00000000d514a530,0x00000000d5180000)
 Metaspace       used 93083K, committed 94592K, reserved 1179648K
  class space    used 8879K, committed 9600K, reserved 1048576K
}
Event: 421010.901 GC heap before
{Heap before GC invocations=24004 (full 17):
 PSYoungGen      total 4096K, used 3840K [0x00000000d5580000, 0x00000000d5f00000, 0x0000000100000000)
  eden space 3584K, 100% used [0x00000000d5580000,0x00000000d5900000,0x00000000d5900000)
  from space 512K, 50% used [0x00000000d5e80000,0x00000000d5ec0000,0x00000000d5f00000)
  to   space 512K, 0% used [0x00000000d5e00000,0x00000000d5e00000,0x00000000d5e80000)
 ParOldGen       total 1394176K, used 1393961K [0x0000000080000000, 0x00000000d5180000, 0x00000000d5580000)
  object space 1394176K, 99% used [0x0000000080000000,0x00000000d514a530,0x00000000d5180000)
 Metaspace       used 93083K, committed 94592K, reserved 1179648K
  class space    used 8879K, committed 9600K, reserved 1048576K
}
Event: 421010.905 GC heap after
{Heap after GC invocations=24004 (full 17):
 PSYoungGen      total 4096K, used 512K [0x00000000d5580000, 0x00000000d5f00000, 0x0000000100000000)
  eden space 3584K, 0% used [0x00000000d5580000,0x00000000d5580000,0x00000000d5900000)
  from space 512K, 100% used [0x00000000d5e00000,0x00000000d5e80000,0x00000000d5e80000)
  to   space 512K, 0% used [0x00000000d5e80000,0x00000000d5e80000,0x00000000d5f00000)
 ParOldGen       total 1394176K, used 1393993K [0x0000000080000000, 0x00000000d5180000, 0x00000000d5580000)
  object space 1394176K, 99% used [0x0000000080000000,0x00000000d5152530,0x00000000d5180000)
 Metaspace       used 93083K, committed 94592K, reserved 1179648K
  class space    used 8879K, committed 9600K, reserved 1048576K
}
Event: 421010.919 GC heap before
{Heap before GC invocations=24005 (full 17):
 PSYoungGen      total 4096K, used 4096K [0x00000000d5580000, 0x00000000d5f00000, 0x0000000100000000)
  eden space 3584K, 100% used [0x00000000d5580000,0x00000000d5900000,0x00000000d5900000)
  from space 512K, 100% used [0x00000000d5e00000,0x00000000d5e80000,0x00000000d5e80000)
  to   space 512K, 0% used [0x00000000d5e80000,0x00000000d5e80000,0x00000000d5f00000)
 ParOldGen       total 1394176K, used 1393993K [0x0000000080000000, 0x00000000d5180000, 0x00000000d5580000)
  object space 1394176K, 99% used [0x0000000080000000,0x00000000d5152530,0x00000000d5180000)
 Metaspace       used 93083K, committed 94592K, reserved 1179648K
  class space    used 8879K, committed 9600K, reserved 1048576K
}
Event: 421010.922 GC heap after
{Heap after GC invocations=24005 (full 17):
 PSYoungGen      total 4096K, used 256K [0x00000000d5580000, 0x00000000d5f00000, 0x0000000100000000)
  eden space 3584K, 0% used [0x00000000d5580000,0x00000000d5580000,0x00000000d5900000)
  from space 512K, 50% used [0x00000000d5e80000,0x00000000d5ec0000,0x00000000d5f00000)
  to   space 512K, 0% used [0x00000000d5e00000,0x00000000d5e00000,0x00000000d5e80000)
 ParOldGen       total 1394176K, used 1394057K [0x0000000080000000, 0x00000000d5180000, 0x00000000d5580000)
  object space 1394176K, 99% used [0x0000000080000000,0x00000000d5162530,0x00000000d5180000)
 Metaspace       used 93083K, committed 94592K, reserved 1179648K
  class space    used 8879K, committed 9600K, reserved 1048576K
}
Event: 421011.101 GC heap before
{Heap before GC invocations=24006 (full 17):
 PSYoungGen      total 4096K, used 3840K [0x00000000d5580000, 0x00000000d5f00000, 0x0000000100000000)
  eden space 3584K, 100% used [0x00000000d5580000,0x00000000d5900000,0x00000000d5900000)
  from space 512K, 50% used [0x00000000d5e80000,0x00000000d5ec0000,0x00000000d5f00000)
  to   space 512K, 0% used [0x00000000d5e00000,0x00000000d5e00000,0x00000000d5e80000)
 ParOldGen       total 1394176K, used 1394057K [0x0000000080000000, 0x00000000d5180000, 0x00000000d5580000)
  object space 1394176K, 99% used [0x0000000080000000,0x00000000d5162530,0x00000000d5180000)
 Metaspace       used 93083K, committed 94592K, reserved 1179648K
  class space    used 8879K, committed 9600K, reserved 1048576K
}
Event: 421011.106 GC heap after
{Heap after GC invocations=24006 (full 17):
 PSYoungGen      total 4096K, used 487K [0x00000000d5580000, 0x00000000d5f00000, 0x0000000100000000)
  eden space 3584K, 0% used [0x00000000d5580000,0x00000000d5580000,0x00000000d5900000)
  from space 512K, 95% used [0x00000000d5e00000,0x00000000d5e79e80,0x00000000d5e80000)
  to   space 512K, 0% used [0x00000000d5e80000,0x00000000d5e80000,0x00000000d5f00000)
 ParOldGen       total 1395200K, used 1394792K [0x0000000080000000, 0x00000000d5280000, 0x00000000d5580000)
  object space 1395200K, 99% used [0x0000000080000000,0x00000000d521a3b0,0x00000000d5280000)
 Metaspace       used 93083K, committed 94592K, reserved 1179648K
  class space    used 8879K, committed 9600K, reserved 1048576K
}
Event: 421011.116 GC heap before
{Heap before GC invocations=24007 (full 17):
 PSYoungGen      total 4096K, used 4071K [0x00000000d5580000, 0x00000000d5f00000, 0x0000000100000000)
  eden space 3584K, 100% used [0x00000000d5580000,0x00000000d5900000,0x00000000d5900000)
  from space 512K, 95% used [0x00000000d5e00000,0x00000000d5e79e80,0x00000000d5e80000)
  to   space 512K, 0% used [0x00000000d5e80000,0x00000000d5e80000,0x00000000d5f00000)
 ParOldGen       total 1395200K, used 1394792K [0x0000000080000000, 0x00000000d5280000, 0x00000000d5580000)
  object space 1395200K, 99% used [0x0000000080000000,0x00000000d521a3b0,0x00000000d5280000)
 Metaspace       used 93083K, committed 94592K, reserved 1179648K
  class space    used 8879K, committed 9600K, reserved 1048576K
}
Event: 421011.124 GC heap after
{Heap after GC invocations=24007 (full 17):
 PSYoungGen      total 4096K, used 512K [0x00000000d5580000, 0x00000000d6100000, 0x0000000100000000)
  eden space 3584K, 0% used [0x00000000d5580000,0x00000000d5580000,0x00000000d5900000)
  from space 512K, 100% used [0x00000000d5e80000,0x00000000d5f00000,0x00000000d5f00000)
  to   space 4096K, 0% used [0x00000000d5900000,0x00000000d5900000,0x00000000d5d00000)
 ParOldGen       total 1398272K, used 1397847K [0x0000000080000000, 0x00000000d5580000, 0x00000000d5580000)
  object space 1398272K, 99% used [0x0000000080000000,0x00000000d5515c80,0x00000000d5580000)
 Metaspace       used 93083K, committed 94592K, reserved 1179648K
  class space    used 8879K, committed 9600K, reserved 1048576K
}
Event: 421011.268 GC heap before
{Heap before GC invocations=24008 (full 18):
 PSYoungGen      total 4096K, used 4096K [0x00000000d5580000, 0x00000000d6100000, 0x0000000100000000)
  eden space 3584K, 100% used [0x00000000d5580000,0x00000000d5900000,0x00000000d5900000)
  from space 512K, 100% used [0x00000000d5e80000,0x00000000d5f00000,0x00000000d5f00000)
  to   space 4096K, 0% used [0x00000000d5900000,0x00000000d5900000,0x00000000d5d00000)
 ParOldGen       total 1398272K, used 1397847K [0x0000000080000000, 0x00000000d5580000, 0x00000000d5580000)
  object space 1398272K, 99% used [0x0000000080000000,0x00000000d5515c80,0x00000000d5580000)
 Metaspace       used 93083K, committed 94592K, reserved 1179648K
  class space    used 8879K, committed 9600K, reserved 1048576K
}

Dll operation events (12 events):
Event: 0.018 Loaded shared library c:\Users\Ramandeep Singh\.vscode\extensions\redhat.java-1.43.1-win32-x64\jre\21.0.7-win32-x86_64\bin\java.dll
Event: 0.066 Loaded shared library c:\Users\Ramandeep Singh\.vscode\extensions\redhat.java-1.43.1-win32-x64\jre\21.0.7-win32-x86_64\bin\zip.dll
Event: 0.184 Loaded shared library C:\Users\Ramandeep Singh\.vscode\extensions\redhat.java-1.43.1-win32-x64\jre\21.0.7-win32-x86_64\bin\instrument.dll
Event: 0.192 Loaded shared library C:\Users\Ramandeep Singh\.vscode\extensions\redhat.java-1.43.1-win32-x64\jre\21.0.7-win32-x86_64\bin\net.dll
Event: 0.196 Loaded shared library C:\Users\Ramandeep Singh\.vscode\extensions\redhat.java-1.43.1-win32-x64\jre\21.0.7-win32-x86_64\bin\nio.dll
Event: 0.201 Loaded shared library C:\Users\Ramandeep Singh\.vscode\extensions\redhat.java-1.43.1-win32-x64\jre\21.0.7-win32-x86_64\bin\zip.dll
Event: 0.232 Loaded shared library C:\Users\Ramandeep Singh\.vscode\extensions\redhat.java-1.43.1-win32-x64\jre\21.0.7-win32-x86_64\bin\jimage.dll
Event: 0.373 Loaded shared library c:\Users\Ramandeep Singh\.vscode\extensions\redhat.java-1.43.1-win32-x64\jre\21.0.7-win32-x86_64\bin\verify.dll
Event: 2.452 Loaded shared library C:\Users\Ramandeep Singh\AppData\Roaming\Code\User\globalStorage\redhat.java\1.43.1\config_win\org.eclipse.equinox.launcher\org.eclipse.equinox.launcher.win32.win32.x86_64_1.2.1300.v20250331-1702\eclipse_11911.dll
Event: 4.523 Loaded shared library C:\Users\Ramandeep Singh\AppData\Local\Temp\jna-391011920\jna180582590196533917.dll
Event: 1005.333 Loaded shared library C:\Users\Ramandeep Singh\.vscode\extensions\redhat.java-1.43.1-win32-x64\jre\21.0.7-win32-x86_64\bin\extnet.dll
Event: 1405.302 Loaded shared library C:\Users\Ramandeep Singh\.vscode\extensions\redhat.java-1.43.1-win32-x64\jre\21.0.7-win32-x86_64\bin\sunmscapi.dll

Deoptimization events (20 events):
Event: 420923.130 Thread 0x000001a2623ee7c0 Uncommon trap: trap_request=0xffffff45 fr.pc=0x000001a20ae553d8 relative=0x0000000000001378
Event: 420923.130 Thread 0x000001a2623ee7c0 Uncommon trap: reason=unstable_if action=reinterpret pc=0x000001a20ae553d8 method=org.eclipse.jdt.internal.codeassist.complete.CompletionScanner.getNextToken0()Lorg/eclipse/jdt/internal/compiler/parser/TerminalToken; @ 3564 c2
Event: 420923.130 Thread 0x000001a2623ee7c0 DEOPT PACKING pc=0x000001a20ae553d8 sp=0x0000009f392febf0
Event: 420923.130 Thread 0x000001a2623ee7c0 DEOPT UNPACKING pc=0x000001a20a6b3aa2 sp=0x0000009f392feb50 mode 2
Event: 420949.587 Thread 0x000001a25d2c6220 Uncommon trap: trap_request=0xffffffde fr.pc=0x000001a20b763540 relative=0x0000000000001200
Event: 420949.587 Thread 0x000001a25d2c6220 Uncommon trap: reason=class_check action=maybe_recompile pc=0x000001a20b763540 method=org.eclipse.jdt.internal.corext.dom.TokenScanner.<init>(Lorg/eclipse/jdt/core/ITypeRoot;)V @ 81 c2
Event: 420949.587 Thread 0x000001a25d2c6220 DEOPT PACKING pc=0x000001a20b763540 sp=0x0000009f398fec40
Event: 420949.587 Thread 0x000001a25d2c6220 DEOPT UNPACKING pc=0x000001a20a6b3aa2 sp=0x0000009f398febc0 mode 2
Event: 420950.493 Thread 0x000001a25d2c6220 Uncommon trap: trap_request=0xffffffde fr.pc=0x000001a20b763540 relative=0x0000000000001200
Event: 420950.493 Thread 0x000001a25d2c6220 Uncommon trap: reason=class_check action=maybe_recompile pc=0x000001a20b763540 method=org.eclipse.jdt.internal.corext.dom.TokenScanner.<init>(Lorg/eclipse/jdt/core/ITypeRoot;)V @ 81 c2
Event: 420950.493 Thread 0x000001a25d2c6220 DEOPT PACKING pc=0x000001a20b763540 sp=0x0000009f398fec40
Event: 420950.493 Thread 0x000001a25d2c6220 DEOPT UNPACKING pc=0x000001a20a6b3aa2 sp=0x0000009f398febc0 mode 2
Event: 420990.765 Thread 0x000001a2623efb70 Uncommon trap: trap_request=0xffffffde fr.pc=0x000001a20b763540 relative=0x0000000000001200
Event: 420990.765 Thread 0x000001a2623efb70 Uncommon trap: reason=class_check action=maybe_recompile pc=0x000001a20b763540 method=org.eclipse.jdt.internal.corext.dom.TokenScanner.<init>(Lorg/eclipse/jdt/core/ITypeRoot;)V @ 81 c2
Event: 420990.765 Thread 0x000001a2623efb70 DEOPT PACKING pc=0x000001a20b763540 sp=0x0000009f393fea10
Event: 420990.765 Thread 0x000001a2623efb70 DEOPT UNPACKING pc=0x000001a20a6b3aa2 sp=0x0000009f393fe990 mode 2
Event: 420990.766 Thread 0x000001a2623efb70 Uncommon trap: trap_request=0xffffffde fr.pc=0x000001a20b763540 relative=0x0000000000001200
Event: 420990.766 Thread 0x000001a2623efb70 Uncommon trap: reason=class_check action=maybe_recompile pc=0x000001a20b763540 method=org.eclipse.jdt.internal.corext.dom.TokenScanner.<init>(Lorg/eclipse/jdt/core/ITypeRoot;)V @ 81 c2
Event: 420990.766 Thread 0x000001a2623efb70 DEOPT PACKING pc=0x000001a20b763540 sp=0x0000009f393fe930
Event: 420990.766 Thread 0x000001a2623efb70 DEOPT UNPACKING pc=0x000001a20a6b3aa2 sp=0x0000009f393fe8b0 mode 2

Classes loaded (20 events):
Event: 297734.770 Loading class sun/security/ssl/SSLEngineOutputRecord
Event: 297734.770 Loading class sun/security/ssl/SSLEngineOutputRecord done
Event: 297734.770 Loading class sun/security/ssl/SSLEngineOutputRecord$HandshakeFragment
Event: 297734.770 Loading class sun/security/ssl/SSLEngineOutputRecord$HandshakeFragment done
Event: 297734.770 Loading class sun/security/ssl/SSLEngineOutputRecord$HandshakeMemo
Event: 297734.770 Loading class sun/security/ssl/SSLEngineOutputRecord$RecordMemo
Event: 297734.771 Loading class sun/security/ssl/SSLEngineOutputRecord$RecordMemo done
Event: 297734.771 Loading class sun/security/ssl/SSLEngineOutputRecord$HandshakeMemo done
Event: 297734.832 Loading class sun/security/ssl/PreSharedKeyExtension$SHPreSharedKeySpec
Event: 297734.833 Loading class sun/security/ssl/PreSharedKeyExtension$SHPreSharedKeySpec done
Event: 297734.939 Loading class sun/net/www/http/KeepAliveCleanerEntry
Event: 297734.940 Loading class sun/net/www/http/KeepAliveCleanerEntry done
Event: 297734.940 Loading class sun/net/www/http/KeepAliveStream$1
Event: 297734.940 Loading class sun/net/www/http/KeepAliveStream$1 done
Event: 297734.940 Loading class sun/net/www/http/ChunkedInputStream
Event: 297734.947 Loading class sun/net/www/http/ChunkedInputStream done
Event: 299369.947 Loading class java/util/AbstractList$RandomAccessSubList
Event: 299369.947 Loading class java/util/AbstractList$RandomAccessSubList done
Event: 420779.575 Loading class java/util/DualPivotQuicksort$Sorter
Event: 420779.589 Loading class java/util/DualPivotQuicksort$Sorter done

Classes unloaded (20 events):
Event: 294061.214 Thread 0x000001a2162d2660 Unloading class 0x000001a2187c8800 'java/lang/invoke/LambdaForm$MH+0x000001a2187c8800'
Event: 294061.214 Thread 0x000001a2162d2660 Unloading class 0x000001a218805800 'java/lang/invoke/LambdaForm$MH+0x000001a218805800'
Event: 294061.214 Thread 0x000001a2162d2660 Unloading class 0x000001a218806000 'java/lang/invoke/LambdaForm$MH+0x000001a218806000'
Event: 294061.214 Thread 0x000001a2162d2660 Unloading class 0x000001a218848800 'java/lang/invoke/LambdaForm$MH+0x000001a218848800'
Event: 294061.214 Thread 0x000001a2162d2660 Unloading class 0x000001a218862000 'java/lang/invoke/LambdaForm$MH+0x000001a218862000'
Event: 294061.214 Thread 0x000001a2162d2660 Unloading class 0x000001a2188cc800 'java/lang/invoke/LambdaForm$MH+0x000001a2188cc800'
Event: 296948.645 Thread 0x000001a2162d2660 Unloading class 0x000001a21816e000 'java/lang/invoke/LambdaForm$MH+0x000001a21816e000'
Event: 296948.645 Thread 0x000001a2162d2660 Unloading class 0x000001a218109400 'java/lang/invoke/LambdaForm$MH+0x000001a218109400'
Event: 296948.645 Thread 0x000001a2162d2660 Unloading class 0x000001a21825d000 'java/lang/invoke/LambdaForm$MH+0x000001a21825d000'
Event: 296948.645 Thread 0x000001a2162d2660 Unloading class 0x000001a2180b5400 'java/lang/invoke/LambdaForm$MH+0x000001a2180b5400'
Event: 296948.645 Thread 0x000001a2162d2660 Unloading class 0x000001a218082400 'java/lang/invoke/LambdaForm$MH+0x000001a218082400'
Event: 296948.645 Thread 0x000001a2162d2660 Unloading class 0x000001a21801f800 'java/lang/invoke/LambdaForm$MH+0x000001a21801f800'
Event: 296948.645 Thread 0x000001a2162d2660 Unloading class 0x000001a21801e400 'java/lang/invoke/LambdaForm$MH+0x000001a21801e400'
Event: 296948.645 Thread 0x000001a2162d2660 Unloading class 0x000001a21801dc00 'java/lang/invoke/LambdaForm$MH+0x000001a21801dc00'
Event: 296948.645 Thread 0x000001a2162d2660 Unloading class 0x000001a218019400 'java/lang/invoke/LambdaForm$MH+0x000001a218019400'
Event: 296948.645 Thread 0x000001a2162d2660 Unloading class 0x000001a218018800 'java/lang/invoke/LambdaForm$MH+0x000001a218018800'
Event: 296948.645 Thread 0x000001a2162d2660 Unloading class 0x000001a218017400 'java/lang/invoke/LambdaForm$BMH+0x000001a218017400'
Event: 296948.645 Thread 0x000001a2162d2660 Unloading class 0x000001a218014800 'java/lang/invoke/LambdaForm$MH+0x000001a218014800'
Event: 297306.175 Thread 0x000001a2162d2660 Unloading class 0x000001a21800c000 'java/lang/invoke/LambdaForm$MH+0x000001a21800c000'
Event: 300059.929 Thread 0x000001a2162d2660 Unloading class 0x000001a21816e000 'java/lang/invoke/LambdaForm$MH+0x000001a21816e000'

Classes redefined (0 events):
No events

Internal exceptions (20 events):
Event: 420947.533 Thread 0x000001a25e533900 Exception <a 'sun/nio/fs/WindowsException'{0x00000000d58517b8}> (0x00000000d58517b8) 
thrown [s\src\hotspot\share\prims\jni.cpp, line 520]
Event: 420947.656 Thread 0x000001a25e533900 Exception <a 'sun/nio/fs/WindowsException'{0x00000000d560fca0}> (0x00000000d560fca0) 
thrown [s\src\hotspot\share\prims\jni.cpp, line 520]
Event: 420949.998 Thread 0x000001a25d2c6220 Exception <a 'sun/nio/fs/WindowsException'{0x00000000d5627dd8}> (0x00000000d5627dd8) 
thrown [s\src\hotspot\share\prims\jni.cpp, line 520]
Event: 420949.998 Thread 0x000001a25d2c6220 Exception <a 'sun/nio/fs/WindowsException'{0x00000000d5628408}> (0x00000000d5628408) 
thrown [s\src\hotspot\share\prims\jni.cpp, line 520]
Event: 420949.999 Thread 0x000001a25d2c6220 Exception <a 'sun/nio/fs/WindowsException'{0x00000000d5629070}> (0x00000000d5629070) 
thrown [s\src\hotspot\share\prims\jni.cpp, line 520]
Event: 420949.999 Thread 0x000001a25d2c6220 Exception <a 'sun/nio/fs/WindowsException'{0x00000000d5629950}> (0x00000000d5629950) 
thrown [s\src\hotspot\share\prims\jni.cpp, line 520]
Event: 420949.999 Thread 0x000001a25d2c6220 Exception <a 'sun/nio/fs/WindowsException'{0x00000000d562af10}> (0x00000000d562af10) 
thrown [s\src\hotspot\share\prims\jni.cpp, line 520]
Event: 420950.000 Thread 0x000001a25d2c6220 Exception <a 'sun/nio/fs/WindowsException'{0x00000000d562b540}> (0x00000000d562b540) 
thrown [s\src\hotspot\share\prims\jni.cpp, line 520]
Event: 420971.663 Thread 0x000001a25d2c6220 Exception <a 'sun/nio/fs/WindowsException'{0x00000000d55d5440}> (0x00000000d55d5440) 
thrown [s\src\hotspot\share\prims\jni.cpp, line 520]
Event: 420971.663 Thread 0x000001a25d2c6220 Exception <a 'sun/nio/fs/WindowsException'{0x00000000d55d5a70}> (0x00000000d55d5a70) 
thrown [s\src\hotspot\share\prims\jni.cpp, line 520]
Event: 420971.664 Thread 0x000001a25d2c6220 Exception <a 'sun/nio/fs/WindowsException'{0x00000000d55d66d8}> (0x00000000d55d66d8) 
thrown [s\src\hotspot\share\prims\jni.cpp, line 520]
Event: 420971.664 Thread 0x000001a25d2c6220 Exception <a 'sun/nio/fs/WindowsException'{0x00000000d55d6fb8}> (0x00000000d55d6fb8) 
thrown [s\src\hotspot\share\prims\jni.cpp, line 520]
Event: 420971.664 Thread 0x000001a25d2c6220 Exception <a 'sun/nio/fs/WindowsException'{0x00000000d55d8578}> (0x00000000d55d8578) 
thrown [s\src\hotspot\share\prims\jni.cpp, line 520]
Event: 420971.664 Thread 0x000001a25d2c6220 Exception <a 'sun/nio/fs/WindowsException'{0x00000000d55d8ba8}> (0x00000000d55d8ba8) 
thrown [s\src\hotspot\share\prims\jni.cpp, line 520]
Event: 421004.553 Thread 0x000001a25e533900 Exception <a 'sun/nio/fs/WindowsException'{0x00000000d5761b68}> (0x00000000d5761b68) 
thrown [s\src\hotspot\share\prims\jni.cpp, line 520]
Event: 421004.704 Thread 0x000001a25e533900 Exception <a 'sun/nio/fs/WindowsException'{0x00000000d58e9e30}> (0x00000000d58e9e30) 
thrown [s\src\hotspot\share\prims\jni.cpp, line 520]
Event: 421006.633 Thread 0x000001a25e533900 Exception <a 'sun/nio/fs/WindowsException'{0x00000000d56ec200}> (0x00000000d56ec200) 
thrown [s\src\hotspot\share\prims\jni.cpp, line 520]
Event: 421006.730 Thread 0x000001a25e533900 Exception <a 'sun/nio/fs/WindowsException'{0x00000000d5659918}> (0x00000000d5659918) 
thrown [s\src\hotspot\share\prims\jni.cpp, line 520]
Event: 421008.640 Thread 0x000001a25e533900 Exception <a 'sun/nio/fs/WindowsException'{0x00000000d56f1468}> (0x00000000d56f1468) 
thrown [s\src\hotspot\share\prims\jni.cpp, line 520]
Event: 421008.789 Thread 0x000001a25e533900 Exception <a 'sun/nio/fs/WindowsException'{0x00000000d559eeb8}> (0x00000000d559eeb8) 
thrown [s\src\hotspot\share\prims\jni.cpp, line 520]

ZGC Phase Switch (0 events):
No events

VM Operations (20 events):
Event: 421008.739 Executing VM operation: ParallelGCFailedAllocation (Allocation Failure) done
Event: 421009.061 Executing VM operation: ParallelGCFailedAllocation (Allocation Failure)
Event: 421009.068 Executing VM operation: ParallelGCFailedAllocation (Allocation Failure) done
Event: 421009.245 Executing VM operation: ParallelGCFailedAllocation (Allocation Failure)
Event: 421009.255 Executing VM operation: ParallelGCFailedAllocation (Allocation Failure) done
Event: 421009.960 Executing VM operation: ParallelGCFailedAllocation (Allocation Failure)
Event: 421009.968 Executing VM operation: ParallelGCFailedAllocation (Allocation Failure) done
Event: 421009.986 Executing VM operation: ParallelGCFailedAllocation (Allocation Failure)
Event: 421009.990 Executing VM operation: ParallelGCFailedAllocation (Allocation Failure) done
Event: 421010.004 Executing VM operation: ParallelGCFailedAllocation (Allocation Failure)
Event: 421010.008 Executing VM operation: ParallelGCFailedAllocation (Allocation Failure) done
Event: 421010.901 Executing VM operation: ParallelGCFailedAllocation (Allocation Failure)
Event: 421010.905 Executing VM operation: ParallelGCFailedAllocation (Allocation Failure) done
Event: 421010.919 Executing VM operation: ParallelGCFailedAllocation (Allocation Failure)
Event: 421010.922 Executing VM operation: ParallelGCFailedAllocation (Allocation Failure) done
Event: 421011.101 Executing VM operation: ParallelGCFailedAllocation (Allocation Failure)
Event: 421011.106 Executing VM operation: ParallelGCFailedAllocation (Allocation Failure) done
Event: 421011.116 Executing VM operation: ParallelGCFailedAllocation (Allocation Failure)
Event: 421011.124 Executing VM operation: ParallelGCFailedAllocation (Allocation Failure) done
Event: 421011.268 Executing VM operation: ParallelGCFailedAllocation (Allocation Failure)

Memory protections (0 events):
No events

Nmethod flushes (20 events):
Event: 300059.980 Thread 0x000001a2162d2660 flushing  nmethod 0x000001a205a92190
Event: 300059.980 Thread 0x000001a2162d2660 flushing  nmethod 0x000001a205b3fd10
Event: 300059.980 Thread 0x000001a2162d2660 flushing  nmethod 0x000001a205b4b490
Event: 300059.980 Thread 0x000001a2162d2660 flushing  nmethod 0x000001a205b92e10
Event: 300059.980 Thread 0x000001a2162d2660 flushing  nmethod 0x000001a205baee90
Event: 300059.980 Thread 0x000001a2162d2660 flushing  nmethod 0x000001a205baf290
Event: 300059.980 Thread 0x000001a2162d2660 flushing  nmethod 0x000001a205bb0790
Event: 300059.980 Thread 0x000001a2162d2660 flushing  nmethod 0x000001a205bb1e90
Event: 300059.980 Thread 0x000001a2162d2660 flushing  nmethod 0x000001a205bb2d90
Event: 300059.980 Thread 0x000001a2162d2660 flushing  nmethod 0x000001a205bc3410
Event: 300059.980 Thread 0x000001a2162d2660 flushing  nmethod 0x000001a205bf1490
Event: 300059.980 Thread 0x000001a2162d2660 flushing  nmethod 0x000001a205bf4f10
Event: 300059.980 Thread 0x000001a2162d2660 flushing  nmethod 0x000001a205bf6c10
Event: 300059.980 Thread 0x000001a2162d2660 flushing  nmethod 0x000001a205bfa190
Event: 300059.980 Thread 0x000001a2162d2660 flushing  nmethod 0x000001a205c32010
Event: 300059.980 Thread 0x000001a2162d2660 flushing  nmethod 0x000001a205c48f10
Event: 300059.980 Thread 0x000001a2162d2660 flushing  nmethod 0x000001a205c63d90
Event: 300059.980 Thread 0x000001a2162d2660 flushing  nmethod 0x000001a205ca4e90
Event: 300059.980 Thread 0x000001a2162d2660 flushing  nmethod 0x000001a205cb4d90
Event: 300059.980 Thread 0x000001a2162d2660 flushing  nmethod 0x000001a205d34490

Events (20 events):
Event: 420872.574 Thread 0x000001a25d2c9010 Thread exited: 0x000001a25d2c9010
Event: 420887.558 Thread 0x000001a25d2c8980 Thread exited: 0x000001a25d2c8980
Event: 420917.559 Thread 0x000001a25d2c82f0 Thread exited: 0x000001a25d2c82f0
Event: 420947.550 Thread 0x000001a25d2c5500 Thread exited: 0x000001a25d2c5500
Event: 420950.024 Thread 0x000001a260636180 Thread added: 0x000001a25d2c82f0
Event: 420950.053 Thread 0x000001a25d2c82f0 Thread added: 0x000001a25d2c8980
Event: 420950.064 Thread 0x000001a25d2c8980 Thread added: 0x000001a25d2c5500
Event: 420950.277 Thread 0x000001a25d2c82f0 Thread added: 0x000001a25d2c9010
Event: 420950.278 Thread 0x000001a25d2c5500 Thread exited: 0x000001a25d2c5500
Event: 420950.533 Thread 0x000001a25d2c9010 Thread added: 0x000001a25d2c5500
Event: 420950.538 Thread 0x000001a25d2c9010 Thread exited: 0x000001a25d2c9010
Event: 420962.395 Thread 0x000001a25d2c5b90 Thread added: 0x000001a25d2c9d30
Event: 420962.396 Thread 0x000001a25d2c9d30 Thread exited: 0x000001a25d2c9d30
Event: 420964.283 Thread 0x000001a25d2c8980 Thread exited: 0x000001a25d2c8980
Event: 420971.700 Thread 0x000001a25d2c82f0 Thread added: 0x000001a25d2c8980
Event: 420971.715 Thread 0x000001a25d2c8980 Thread added: 0x000001a25d2c9010
Event: 420971.950 Thread 0x000001a25d2c82f0 Thread added: 0x000001a25d2c96a0
Event: 420971.951 Thread 0x000001a25d2c9010 Thread exited: 0x000001a25d2c9010
Event: 420972.113 Thread 0x000001a25d2c96a0 Thread exited: 0x000001a25d2c96a0
Event: 420982.476 Thread 0x000001a25d2c8980 Thread exited: 0x000001a25d2c8980


Dynamic libraries:
0x00007ff774030000 - 0x00007ff77403e000 	c:\Users\Ramandeep Singh\.vscode\extensions\redhat.java-1.43.1-win32-x64\jre\21.0.7-win32-x86_64\bin\java.exe
0x00007ff9b9f60000 - 0x00007ff9ba1c8000 	C:\WINDOWS\SYSTEM32\ntdll.dll
0x00007ff9b8690000 - 0x00007ff9b8759000 	C:\WINDOWS\System32\KERNEL32.DLL
0x00007ff9b7230000 - 0x00007ff9b761d000 	C:\WINDOWS\System32\KERNELBASE.dll
0x00007ff9b7700000 - 0x00007ff9b784b000 	C:\WINDOWS\System32\ucrtbase.dll
0x00007ff9a28a0000 - 0x00007ff9a28b8000 	c:\Users\Ramandeep Singh\.vscode\extensions\redhat.java-1.43.1-win32-x64\jre\21.0.7-win32-x86_64\bin\jli.dll
0x00007ff9b8280000 - 0x00007ff9b844c000 	C:\WINDOWS\System32\USER32.dll
0x00007ff9b7620000 - 0x00007ff9b7647000 	C:\WINDOWS\System32\win32u.dll
0x00007ff9b99f0000 - 0x00007ff9b9a1b000 	C:\WINDOWS\System32\GDI32.dll
0x00007ff9b7bc0000 - 0x00007ff9b7cf7000 	C:\WINDOWS\System32\gdi32full.dll
0x00007ff9b7650000 - 0x00007ff9b76f3000 	C:\WINDOWS\System32\msvcp_win.dll
0x00007ff9a2880000 - 0x00007ff9a289e000 	c:\Users\Ramandeep Singh\.vscode\extensions\redhat.java-1.43.1-win32-x64\jre\21.0.7-win32-x86_64\bin\VCRUNTIME140.dll
0x00007ff9b6230000 - 0x00007ff9b64ca000 	C:\WINDOWS\WinSxS\amd64_microsoft.windows.common-controls_6595b64144ccf1df_6.0.26100.4484_none_3e0e6d4ce32ef3b3\COMCTL32.dll
0x00007ff9b89d0000 - 0x00007ff9b8a79000 	C:\WINDOWS\System32\msvcrt.dll
0x00007ff9b8980000 - 0x00007ff9b89af000 	C:\WINDOWS\System32\IMM32.DLL
0x00007ff9a2870000 - 0x00007ff9a287c000 	c:\Users\Ramandeep Singh\.vscode\extensions\redhat.java-1.43.1-win32-x64\jre\21.0.7-win32-x86_64\bin\vcruntime140_1.dll
0x00007ff9a1ea0000 - 0x00007ff9a1f2d000 	c:\Users\Ramandeep Singh\.vscode\extensions\redhat.java-1.43.1-win32-x64\jre\21.0.7-win32-x86_64\bin\msvcp140.dll
0x00007ff921f30000 - 0x00007ff922cc0000 	c:\Users\Ramandeep Singh\.vscode\extensions\redhat.java-1.43.1-win32-x64\jre\21.0.7-win32-x86_64\bin\server\jvm.dll
0x00007ff9b9030000 - 0x00007ff9b90e4000 	C:\WINDOWS\System32\ADVAPI32.dll
0x00007ff9b8f80000 - 0x00007ff9b9026000 	C:\WINDOWS\System32\sechost.dll
0x00007ff9b8860000 - 0x00007ff9b8978000 	C:\WINDOWS\System32\RPCRT4.dll
0x00007ff9b9880000 - 0x00007ff9b98f4000 	C:\WINDOWS\System32\WS2_32.dll
0x00007ff9b6910000 - 0x00007ff9b696e000 	C:\WINDOWS\SYSTEM32\POWRPROF.dll
0x00007ff9a3850000 - 0x00007ff9a3885000 	C:\WINDOWS\SYSTEM32\WINMM.dll
0x00007ff9a9ae0000 - 0x00007ff9a9aeb000 	C:\WINDOWS\SYSTEM32\VERSION.dll
0x00007ff9b65d0000 - 0x00007ff9b65e4000 	C:\WINDOWS\SYSTEM32\UMPDC.dll
0x00007ff9b55e0000 - 0x00007ff9b55fb000 	C:\WINDOWS\SYSTEM32\kernel.appcore.dll
0x00007ff9a2390000 - 0x00007ff9a239a000 	c:\Users\Ramandeep Singh\.vscode\extensions\redhat.java-1.43.1-win32-x64\jre\21.0.7-win32-x86_64\bin\jimage.dll
0x00007ff9b6980000 - 0x00007ff9b6bc1000 	C:\WINDOWS\SYSTEM32\DBGHELP.DLL
0x00007ff9b9b90000 - 0x00007ff9b9f16000 	C:\WINDOWS\System32\combase.dll
0x00007ff9b9900000 - 0x00007ff9b99e0000 	C:\WINDOWS\System32\OLEAUT32.dll
0x00007ff9b67f0000 - 0x00007ff9b6833000 	C:\WINDOWS\SYSTEM32\dbgcore.DLL
0x00007ff9b79a0000 - 0x00007ff9b7a39000 	C:\WINDOWS\System32\bcryptPrimitives.dll
0x00007ff9a1e90000 - 0x00007ff9a1e9f000 	c:\Users\Ramandeep Singh\.vscode\extensions\redhat.java-1.43.1-win32-x64\jre\21.0.7-win32-x86_64\bin\instrument.dll
0x00007ff9a1e70000 - 0x00007ff9a1e8f000 	c:\Users\Ramandeep Singh\.vscode\extensions\redhat.java-1.43.1-win32-x64\jre\21.0.7-win32-x86_64\bin\java.dll
0x00007ff9b9100000 - 0x00007ff9b984a000 	C:\WINDOWS\System32\SHELL32.dll
0x00007ff9b70b0000 - 0x00007ff9b7224000 	C:\WINDOWS\System32\wintypes.dll
0x00007ff9b4450000 - 0x00007ff9b4cab000 	C:\WINDOWS\SYSTEM32\windows.storage.dll
0x00007ff9b8e80000 - 0x00007ff9b8f75000 	C:\WINDOWS\System32\SHCORE.dll
0x00007ff9b8760000 - 0x00007ff9b87ca000 	C:\WINDOWS\System32\shlwapi.dll
0x00007ff9b6fc0000 - 0x00007ff9b6fef000 	C:\WINDOWS\SYSTEM32\profapi.dll
0x00007ff9a1e50000 - 0x00007ff9a1e68000 	c:\Users\Ramandeep Singh\.vscode\extensions\redhat.java-1.43.1-win32-x64\jre\21.0.7-win32-x86_64\bin\zip.dll
0x00007ff9a1e20000 - 0x00007ff9a1e30000 	C:\Users\Ramandeep Singh\.vscode\extensions\redhat.java-1.43.1-win32-x64\jre\21.0.7-win32-x86_64\bin\net.dll
0x00007ff9a9950000 - 0x00007ff9a9a6e000 	C:\WINDOWS\SYSTEM32\WINHTTP.dll
0x00007ff9b5d00000 - 0x00007ff9b5d6a000 	C:\WINDOWS\system32\mswsock.dll
0x00007ff99e4e0000 - 0x00007ff99e4f6000 	C:\Users\Ramandeep Singh\.vscode\extensions\redhat.java-1.43.1-win32-x64\jre\21.0.7-win32-x86_64\bin\nio.dll
0x00007ff9a1ba0000 - 0x00007ff9a1bb0000 	c:\Users\Ramandeep Singh\.vscode\extensions\redhat.java-1.43.1-win32-x64\jre\21.0.7-win32-x86_64\bin\verify.dll
0x00007ff992f80000 - 0x00007ff992fc5000 	C:\Users\Ramandeep Singh\AppData\Roaming\Code\User\globalStorage\redhat.java\1.43.1\config_win\org.eclipse.equinox.launcher\org.eclipse.equinox.launcher.win32.win32.x86_64_1.2.1300.v20250331-1702\eclipse_11911.dll
0x00007ff9b8cd0000 - 0x00007ff9b8e6e000 	C:\WINDOWS\System32\ole32.dll
0x00007ff9b6cf0000 - 0x00007ff9b6d0b000 	C:\WINDOWS\SYSTEM32\CRYPTSP.dll
0x00007ff9b5540000 - 0x00007ff9b557b000 	C:\WINDOWS\system32\rsaenh.dll
0x00007ff9b5da0000 - 0x00007ff9b5dcb000 	C:\WINDOWS\SYSTEM32\USERENV.dll
0x00007ff9b6f90000 - 0x00007ff9b6fb6000 	C:\WINDOWS\SYSTEM32\bcrypt.dll
0x00007ff9b6040000 - 0x00007ff9b604c000 	C:\WINDOWS\SYSTEM32\CRYPTBASE.dll
0x00007ff9b5060000 - 0x00007ff9b5093000 	C:\WINDOWS\SYSTEM32\IPHLPAPI.DLL
0x00007ff9b90f0000 - 0x00007ff9b90fa000 	C:\WINDOWS\System32\NSI.dll
0x00007ff991030000 - 0x00007ff991079000 	C:\Users\Ramandeep Singh\AppData\Local\Temp\jna-391011920\jna180582590196533917.dll
0x00007ff9b89c0000 - 0x00007ff9b89c8000 	C:\WINDOWS\System32\PSAPI.DLL
0x00007ff9a9af0000 - 0x00007ff9a9b0f000 	C:\WINDOWS\SYSTEM32\dhcpcsvc6.DLL
0x00007ff9a9410000 - 0x00007ff9a9435000 	C:\WINDOWS\SYSTEM32\dhcpcsvc.DLL
0x00007ff9b0ef0000 - 0x00007ff9b0ef9000 	C:\Users\Ramandeep Singh\.vscode\extensions\redhat.java-1.43.1-win32-x64\jre\21.0.7-win32-x86_64\bin\extnet.dll
0x00007ff9ad090000 - 0x00007ff9ad09e000 	C:\Users\Ramandeep Singh\.vscode\extensions\redhat.java-1.43.1-win32-x64\jre\21.0.7-win32-x86_64\bin\sunmscapi.dll
0x00007ff9b7a40000 - 0x00007ff9b7bb7000 	C:\WINDOWS\System32\CRYPT32.dll
0x00007ff9b61f0000 - 0x00007ff9b6220000 	C:\WINDOWS\SYSTEM32\ncrypt.dll
0x00007ff9b61a0000 - 0x00007ff9b61df000 	C:\WINDOWS\SYSTEM32\NTASN1.dll
0x00007ff9b5100000 - 0x00007ff9b5226000 	C:\WINDOWS\SYSTEM32\DNSAPI.dll
0x00007ff9accd0000 - 0x00007ff9accdb000 	C:\Windows\System32\rasadhlp.dll
0x00007ff9a7de0000 - 0x00007ff9a7e66000 	C:\WINDOWS\System32\fwpuclnt.dll

dbghelp: loaded successfully - version: 4.0.5 - missing functions: none
symbol engine: initialized successfully - sym options: 0x614 - pdb path: .;c:\Users\Ramandeep Singh\.vscode\extensions\redhat.java-1.43.1-win32-x64\jre\21.0.7-win32-x86_64\bin;C:\WINDOWS\SYSTEM32;C:\WINDOWS\WinSxS\amd64_microsoft.windows.common-controls_6595b64144ccf1df_6.0.26100.4484_none_3e0e6d4ce32ef3b3;c:\Users\Ramandeep Singh\.vscode\extensions\redhat.java-1.43.1-win32-x64\jre\21.0.7-win32-x86_64\bin\server;C:\Users\Ramandeep Singh\AppData\Roaming\Code\User\globalStorage\redhat.java\1.43.1\config_win\org.eclipse.equinox.launcher\org.eclipse.equinox.launcher.win32.win32.x86_64_1.2.1300.v20250331-1702;C:\Users\Ramandeep Singh\AppData\Local\Temp\jna-391011920

VM Arguments:
jvm_args: --add-modules=ALL-SYSTEM --add-opens=java.base/java.util=ALL-UNNAMED --add-opens=java.base/java.lang=ALL-UNNAMED --add-opens=java.base/sun.nio.fs=ALL-UNNAMED -Declipse.application=org.eclipse.jdt.ls.core.id1 -Dosgi.bundles.defaultStartLevel=4 -Declipse.product=org.eclipse.jdt.ls.core.product -Djava.import.generatesMetadataFilesAtProjectRoot=false -DDetectVMInstallationsJob.disabled=true -Dfile.encoding=utf8 -XX:+UseParallelGC -XX:GCTimeRatio=4 -XX:AdaptiveSizePolicyWeight=90 -Dsun.zip.disableMemoryMapping=true -Xmx2G -Xms100m -Xlog:disable -javaagent:c:\Users\Ramandeep Singh\.vscode\extensions\redhat.java-1.43.1-win32-x64\lombok\lombok-1.18.39-4050.jar -XX:+HeapDumpOnOutOfMemoryError -XX:HeapDumpPath=c:\Users\Ramandeep Singh\AppData\Roaming\Code\User\workspaceStorage\556449fef4f658c33540684754bb0bf9\redhat.java -Daether.dependencyCollector.impl=bf 
java_command: c:\Users\Ramandeep Singh\.vscode\extensions\redhat.java-1.43.1-win32-x64\server\plugins\org.eclipse.equinox.launcher_1.7.0.v20250519-0528.jar -configuration c:\Users\Ramandeep Singh\AppData\Roaming\Code\User\globalStorage\redhat.java\1.43.1\config_win -data c:\Users\Ramandeep Singh\AppData\Roaming\Code\User\workspaceStorage\556449fef4f658c33540684754bb0bf9\redhat.java\jdt_ws --pipe=\\.\pipe\lsp-ddb47f6259164bf39243798806ec16e7-sock
java_class_path (initial): c:\Users\Ramandeep Singh\.vscode\extensions\redhat.java-1.43.1-win32-x64\server\plugins\org.eclipse.equinox.launcher_1.7.0.v20250519-0528.jar
Launcher Type: SUN_STANDARD

[Global flags]
    uintx AdaptiveSizePolicyWeight                 = 90                                        {product} {command line}
     intx CICompilerCount                          = 4                                         {product} {ergonomic}
    uintx GCTimeRatio                              = 4                                         {product} {command line}
     bool HeapDumpOnOutOfMemoryError               = true                                   {manageable} {command line}
    ccstr HeapDumpPath                             = c:\Users\Ramandeep Singh\AppData\Roaming\Code\User\workspaceStorage\556449fef4f658c33540684754bb0bf9\redhat.java         {manageable} {command line}
   size_t InitialHeapSize                          = 104857600                                 {product} {command line}
   size_t MaxHeapSize                              = 2147483648                                {product} {command line}
   size_t MaxNewSize                               = 715653120                                 {product} {ergonomic}
   size_t MinHeapDeltaBytes                        = 524288                                    {product} {ergonomic}
   size_t MinHeapSize                              = 104857600                                 {product} {command line}
   size_t NewSize                                  = 34603008                                  {product} {ergonomic}
    uintx NonNMethodCodeHeapSize                   = 5839372                                {pd product} {ergonomic}
    uintx NonProfiledCodeHeapSize                  = 122909434                              {pd product} {ergonomic}
   size_t OldSize                                  = 70254592                                  {product} {ergonomic}
    uintx ProfiledCodeHeapSize                     = 122909434                              {pd product} {ergonomic}
    uintx ReservedCodeCacheSize                    = 251658240                              {pd product} {ergonomic}
     bool SegmentedCodeCache                       = true                                      {product} {ergonomic}
   size_t SoftMaxHeapSize                          = 2147483648                             {manageable} {ergonomic}
     bool UseCompressedOops                        = true                           {product lp64_product} {ergonomic}
     bool UseLargePagesIndividualAllocation        = false                                  {pd product} {ergonomic}
     bool UseParallelGC                            = true                                      {product} {command line}

Logging:
Log output configuration:
 #0: stdout all=off uptime,level,tags foldmultilines=false
 #1: stderr all=off uptime,level,tags foldmultilines=false

Environment Variables:
PATH=C:\Program Files\Python313\Scripts\;C:\Program Files\Python313\;C:\Program Files\Common Files\Oracle\Java\javapath;C:\WINDOWS\system32;C:\WINDOWS;C:\WINDOWS\System32\Wbem;C:\WINDOWS\System32\WindowsPowerShell\v1.0\;C:\WINDOWS\System32\OpenSSH\;C:\Program Files\CodeBlocks\MinGW\bin;C:\Users\Ramandeep Singh\AppData\Local\Microsoft\WindowsApps;C:\Users\Ramandeep Singh\AppData\Local\Programs\Microsoft VS Code\bin;C:\Program Files\JetBrains\PyCharm 2025.1\bin;
USERNAME=Ramandeep Singh
OS=Windows_NT
PROCESSOR_IDENTIFIER=Intel64 Family 6 Model 142 Stepping 10, GenuineIntel
TMP=C:\Users\RAMAND~1\AppData\Local\Temp
TEMP=C:\Users\RAMAND~1\AppData\Local\Temp




Periodic native trim disabled

---------------  S Y S T E M  ---------------

OS:
 Windows 11 , 64 bit Build 26100 (10.0.26100.4484)
OS uptime: 7 days 5:40 hours

CPU: total 8 (initial active 8) (4 cores per cpu, 2 threads per core) family 6 model 142 stepping 10 microcode 0xf0, cx8, cmov, fxsr, ht, mmx, 3dnowpref, sse, sse2, sse3, ssse3, sse4.1, sse4.2, popcnt, lzcnt, tsc, tscinvbit, avx, avx2, aes, erms, clmul, bmi1, bmi2, adx, fma, vzeroupper, clflush, clflushopt, rdtscp, f16c
Processor Information for the first 8 processors :
  Max Mhz: 1800, Current Mhz: 1600, Mhz Limit: 1584

Memory: 4k page, system-wide physical 24473M (12517M free)
TotalPageFile size 26009M (AvailPageFile size 11300M)
current process WorkingSet (physical memory assigned to process): 1228M, peak: 1823M
current process commit charge ("private bytes"): 1746M, peak: 1765M

vm_info: OpenJDK 64-Bit Server VM (21.0.7+6-LTS) for windows-amd64 JRE (21.0.7+6-LTS), built on 2025-04-15T00:00:00Z by "admin" with MS VC++ 17.7 (VS2022)

END.
